<?xml version="1.0" encoding="UTF-8"?>
<!-- Generated by org.testng.reporters.JUnitXMLReporter -->
<testsuite hostname="DESKTOP-IA7RCF1" ignored="0" name="Test" tests="1" failures="1" timestamp="2023-02-26T12:20:49 IST" time="145.001" errors="0">
  <testcase name="runScenario" time="129.721" classname="io.cucumber.testng.AbstractTestNGCucumberTests">
    <failure type="org.openqa.selenium.ElementClickInterceptedException" message="element click intercepted: Element &amp;lt;a href=&amp;quot;#&amp;quot; class=&amp;quot;userName dropdown-toggle pull-right&amp;quot; data-toggle=&amp;quot;dropdown&amp;quot; role=&amp;quot;button&amp;quot;&amp;gt;...&amp;lt;/a&amp;gt; is not clickable at point (1347, 21). Other element would receive the click: &amp;lt;div id=&amp;quot;messageBar&amp;quot; class=&amp;quot;&amp;quot;&amp;gt;...&amp;lt;/div&amp;gt;
  (Session info: chrome=110.0.5481.105)
Build info: version: &amp;apos;4.1.2&amp;apos;, revision: &amp;apos;9a5a329c5a&amp;apos;
System info: host: &amp;apos;DESKTOP-IA7RCF1&amp;apos;, ip: &amp;apos;192.168.43.132&amp;apos;, os.name: &amp;apos;Windows 10&amp;apos;, os.arch: &amp;apos;amd64&amp;apos;, os.version: &amp;apos;10.0&amp;apos;, java.version: &amp;apos;1.8.0_202&amp;apos;
Driver info: org.openqa.selenium.chrome.ChromeDriver
Command: [e3b3c0d16ad8eefd27d5bb22b0d46bc0, clickElement {id=bc6333d8-26b6-4c36-b16c-eea285e796f7}]
Capabilities {acceptInsecureCerts: false, browserName: chrome, browserVersion: 110.0.5481.105, chrome: {chromedriverVersion: 110.0.5481.77 (65ed616c6e8e..., userDataDir: C:\Users\HP\AppData\Local\T...}, goog:chromeOptions: {debuggerAddress: localhost:55021}, javascriptEnabled: true, networkConnectionEnabled: false, pageLoadStrategy: normal, platform: WINDOWS, platformName: WINDOWS, proxy: Proxy(), se:cdp: ws://localhost:55021/devtoo..., se:cdpVersion: 110.0.5481.105, setWindowRect: true, strictFileInteractability: false, timeouts: {implicit: 0, pageLoad: 300000, script: 30000}, unhandledPromptBehavior: dismiss and notify, webauthn:extension:credBlob: true, webauthn:extension:largeBlob: true, webauthn:virtualAuthenticators: true}
Element: [[ChromeDriver: chrome on WINDOWS (e3b3c0d16ad8eefd27d5bb22b0d46bc0)] -&amp;gt; xpath: //a[@class=&amp;apos;userName dropdown-toggle pull-right&amp;apos;]]
Session ID: e3b3c0d16ad8eefd27d5bb22b0d46bc0">
      <![CDATA[org.openqa.selenium.ElementClickInterceptedException: element click intercepted: Element <a href="#" class="userName dropdown-toggle pull-right" data-toggle="dropdown" role="button">...</a> is not clickable at point (1347, 21). Other element would receive the click: <div id="messageBar" class="">...</div>
  (Session info: chrome=110.0.5481.105)
Build info: version: '4.1.2', revision: '9a5a329c5a'
System info: host: 'DESKTOP-IA7RCF1', ip: '192.168.43.132', os.name: 'Windows 10', os.arch: 'amd64', os.version: '10.0', java.version: '1.8.0_202'
Driver info: org.openqa.selenium.chrome.ChromeDriver
Command: [e3b3c0d16ad8eefd27d5bb22b0d46bc0, clickElement {id=bc6333d8-26b6-4c36-b16c-eea285e796f7}]
Capabilities {acceptInsecureCerts: false, browserName: chrome, browserVersion: 110.0.5481.105, chrome: {chromedriverVersion: 110.0.5481.77 (65ed616c6e8e..., userDataDir: C:\Users\HP\AppData\Local\T...}, goog:chromeOptions: {debuggerAddress: localhost:55021}, javascriptEnabled: true, networkConnectionEnabled: false, pageLoadStrategy: normal, platform: WINDOWS, platformName: WINDOWS, proxy: Proxy(), se:cdp: ws://localhost:55021/devtoo..., se:cdpVersion: 110.0.5481.105, setWindowRect: true, strictFileInteractability: false, timeouts: {implicit: 0, pageLoad: 300000, script: 30000}, unhandledPromptBehavior: dismiss and notify, webauthn:extension:credBlob: true, webauthn:extension:largeBlob: true, webauthn:virtualAuthenticators: true}
Element: [[ChromeDriver: chrome on WINDOWS (e3b3c0d16ad8eefd27d5bb22b0d46bc0)] -> xpath: //a[@class='userName dropdown-toggle pull-right']]
Session ID: e3b3c0d16ad8eefd27d5bb22b0d46bc0
at org.openqa.selenium.remote.codec.w3c.W3CHttpResponseCodec.createException(W3CHttpResponseCodec.java:200)
at org.openqa.selenium.remote.codec.w3c.W3CHttpResponseCodec.decode(W3CHttpResponseCodec.java:133)
at org.openqa.selenium.remote.codec.w3c.W3CHttpResponseCodec.decode(W3CHttpResponseCodec.java:53)
at org.openqa.selenium.remote.HttpCommandExecutor.execute(HttpCommandExecutor.java:184)
at org.openqa.selenium.remote.service.DriverCommandExecutor.invokeExecute(DriverCommandExecutor.java:167)
at org.openqa.selenium.remote.service.DriverCommandExecutor.execute(DriverCommandExecutor.java:142)
at org.openqa.selenium.remote.RemoteWebDriver.execute(RemoteWebDriver.java:558)
at org.openqa.selenium.remote.RemoteWebElement.execute(RemoteWebElement.java:251)
at org.openqa.selenium.remote.RemoteWebElement.click(RemoteWebElement.java:77)
at org.openqa.selenium.support.pagefactory.internal.LocatingElementHandler.invoke(LocatingElementHandler.java:52)
at com.sun.proxy.$Proxy29.click(Unknown Source)
at utility.SeleniumUtility.clickOnElement(SeleniumUtility.java:123)
at vTiger.Pages.VtigerHomePage.signOut(VtigerHomePage.java:37)
at stepDefinition.VTigerCompaignTest.verify_that_all_the_created_compaings_are_deleted(VTigerCompaignTest.java:114)
at âœ½.Verify that all the created compaings are deleted(file:///C:/Users/HP/eclipse-workspace/MyBDDCucumberFramework/src/test/resources/features/VTigerCompaign.feature:24)
... Removed 7 stack frames]]>
    </failure>
  </testcase> <!-- runScenario -->
</testsuite> <!-- Test -->
